-------------------------------------------------------------------------------
Test set: hw9.functional_level.BaseTest
-------------------------------------------------------------------------------
Tests run: 1, Failures: 1, Errors: 0, Skipped: 0, Time elapsed: 0.595 sec <<< FAILURE!
deleteBoard(hw9.functional_level.BaseTest)  Time elapsed: 0.411 sec  <<< FAILURE!
java.lang.NullPointerException: Cannot invoke "hw9.dto.BoardDTO.getId()" because "this.boardDTO" is null
	at hw9.functional_level.BaseTest.deleteBoard(BaseTest.java:36)

