<?xml version="1.0" encoding="UTF-8" ?>
<testsuite tests="1" failures="1" name="hw9.functional_level.BaseTest" time="0.411" errors="0" skipped="0">
  <properties>
[...]
</properties>
  <testcase classname="hw9.functional_level.BaseTest" name="deleteBoard" time="0.411">
    <failure message="Cannot invoke &quot;hw9.dto.BoardDTO.getId()&quot; because &quot;this.boardDTO&quot; is null" type="java.lang.NullPointerException">java.lang.NullPointerException: Cannot invoke &quot;hw9.dto.BoardDTO.getId()&quot; because &quot;this.boardDTO&quot; is null
	at hw9.functional_level.BaseTest.deleteBoard(BaseTest.java:36)
</failure>
    <system-out>Configuring TestNG with: org.apache.maven.surefire.testng.conf.TestNG652Configurator@71f2a7d5
</system-out>
  </testcase>
</testsuite>