<?xml version="1.0" encoding="UTF-8"?>
<!-- Generated by org.testng.reporters.JUnitXMLReporter -->
<testsuite ignored="0" hostname="LAPTOP-LNQO8009" failures="0" tests="0" time="0.024" errors="0" timestamp="2021-10-09T18:34:02 MSK">
  <testcase classname="hw9.functional_level.BaseTest" name="@AfterTest deleteBoard" time="0.01">
    <failure type="java.lang.NullPointerException" message="Cannot invoke &amp;quot;hw9.dto.BoardDTO.getId()&amp;quot; because &amp;quot;this.boardDTO&amp;quot; is null">
      <![CDATA[java.lang.NullPointerException: Cannot invoke "hw9.dto.BoardDTO.getId()" because "this.boardDTO" is null
at hw9.functional_level.BaseTest.deleteBoard(BaseTest.java:36)
... Removed 33 stack frames]]>
    </failure>
  </testcase> <!-- @AfterTest deleteBoard -->
</testsuite>
